{"/Users/shadow_flash/Documents/Personal_Projects/Mini_project/src/functions/addOrUpdateRepAndSet.ts": {"path":"/Users/shadow_flash/Documents/Personal_Projects/Mini_project/src/functions/addOrUpdateRepAndSet.ts","statementMap":{"0":{"start":{"line":2,"column":0},"end":{"line":2,"column":64}},"1":{"start":{"line":3,"column":0},"end":{"line":3,"column":45}},"2":{"start":{"line":4,"column":0},"end":{"line":4,"column":41}},"3":{"start":{"line":5,"column":0},"end":{"line":5,"column":51}},"4":{"start":{"line":7,"column":23},"end":{"line":50,"column":2}},"5":{"start":{"line":8,"column":29},"end":{"line":50,"column":2}},"6":{"start":{"line":10,"column":2},"end":{"line":10,"column":21}},"7":{"start":{"line":11,"column":2},"end":{"line":11,"column":73}},"8":{"start":{"line":11,"column":19},"end":{"line":11,"column":73}},"9":{"start":{"line":14,"column":10},"end":{"line":14,"column":40}},"10":{"start":{"line":15,"column":10},"end":{"line":15,"column":43}},"11":{"start":{"line":16,"column":10},"end":{"line":19,"column":7}},"12":{"start":{"line":21,"column":8},"end":{"line":21,"column":23}},"13":{"start":{"line":22,"column":19},"end":{"line":26,"column":null}},"14":{"start":{"line":22,"column":12},"end":{"line":26,"column":null}},"15":{"start":{"line":27,"column":6},"end":{"line":30,"column":9}},"16":{"start":{"line":32,"column":12},"end":{"line":34,"column":10}},"17":{"start":{"line":32,"column":72},"end":{"line":34,"column":9}},"18":{"start":{"line":35,"column":6},"end":{"line":38,"column":9}},"19":{"start":{"line":41,"column":4},"end":{"line":46,"column":5}},"20":{"start":{"line":42,"column":6},"end":{"line":45,"column":9}},"21":{"start":{"line":48,"column":4},"end":{"line":48,"column":63}},"22":{"start":{"line":7,"column":13},"end":{"line":7,"column":23}}},"fnMap":{"0":{"name":"(anonymous_15)","decl":{"start":{"line":7,"column":23},"end":{"line":7,"column":null}},"loc":{"start":{"line":8,"column":29},"end":{"line":50,"column":2}}},"1":{"name":"(anonymous_16)","decl":{"start":{"line":8,"column":29},"end":{"line":8,"column":null}},"loc":{"start":{"line":8,"column":29},"end":{"line":50,"column":2}}},"2":{"name":"(anonymous_18)","decl":{"start":{"line":32,"column":63},"end":{"line":32,"column":64}},"loc":{"start":{"line":32,"column":67},"end":{"line":32,"column":null}}}},"branchMap":{"0":{"loc":{"start":{"line":11,"column":2},"end":{"line":11,"column":73}},"type":"if","locations":[{"start":{"line":11,"column":2},"end":{"line":11,"column":73}}]},"1":{"loc":{"start":{"line":21,"column":8},"end":{"line":21,"column":23}},"type":"if","locations":[{"start":{"line":21,"column":8},"end":{"line":21,"column":23}}]},"2":{"loc":{"start":{"line":41,"column":4},"end":{"line":46,"column":5}},"type":"if","locations":[{"start":{"line":41,"column":4},"end":{"line":46,"column":5}}]}},"s":{"0":1,"1":1,"2":1,"3":1,"4":1,"5":6,"6":6,"7":6,"8":1,"9":5,"10":4,"11":4,"12":5,"13":3,"14":3,"15":1,"16":1,"17":2,"18":1,"19":3,"20":2,"21":1,"22":1},"f":{"0":6,"1":6,"2":2},"b":{"0":[1],"1":[1],"2":[2]}}
,"/Users/shadow_flash/Documents/Personal_Projects/Mini_project/src/functions/createUserForWorkoutApp.ts": {"path":"/Users/shadow_flash/Documents/Personal_Projects/Mini_project/src/functions/createUserForWorkoutApp.ts","statementMap":{"0":{"start":{"line":2,"column":0},"end":{"line":2,"column":59}},"1":{"start":{"line":3,"column":0},"end":{"line":3,"column":45}},"2":{"start":{"line":4,"column":0},"end":{"line":4,"column":41}},"3":{"start":{"line":5,"column":0},"end":{"line":5,"column":52}},"4":{"start":{"line":7,"column":23},"end":{"line":42,"column":2}},"5":{"start":{"line":8,"column":29},"end":{"line":42,"column":2}},"6":{"start":{"line":10,"column":2},"end":{"line":10,"column":21}},"7":{"start":{"line":11,"column":2},"end":{"line":11,"column":73}},"8":{"start":{"line":11,"column":19},"end":{"line":11,"column":73}},"9":{"start":{"line":14,"column":10},"end":{"line":14,"column":40}},"10":{"start":{"line":15,"column":10},"end":{"line":15,"column":52}},"11":{"start":{"line":17,"column":8},"end":{"line":17,"column":16}},"12":{"start":{"line":18,"column":19},"end":{"line":18,"column":null}},"13":{"start":{"line":18,"column":12},"end":{"line":18,"column":null}},"14":{"start":{"line":19,"column":6},"end":{"line":22,"column":9}},"15":{"start":{"line":24,"column":12},"end":{"line":26,"column":10}},"16":{"start":{"line":24,"column":65},"end":{"line":26,"column":9}},"17":{"start":{"line":27,"column":6},"end":{"line":30,"column":9}},"18":{"start":{"line":33,"column":4},"end":{"line":38,"column":5}},"19":{"start":{"line":34,"column":6},"end":{"line":37,"column":9}},"20":{"start":{"line":40,"column":4},"end":{"line":40,"column":63}},"21":{"start":{"line":7,"column":13},"end":{"line":7,"column":23}}},"fnMap":{"0":{"name":"(anonymous_13)","decl":{"start":{"line":7,"column":23},"end":{"line":7,"column":null}},"loc":{"start":{"line":8,"column":29},"end":{"line":42,"column":2}}},"1":{"name":"(anonymous_14)","decl":{"start":{"line":8,"column":29},"end":{"line":8,"column":null}},"loc":{"start":{"line":8,"column":29},"end":{"line":42,"column":2}}},"2":{"name":"(anonymous_16)","decl":{"start":{"line":24,"column":56},"end":{"line":24,"column":57}},"loc":{"start":{"line":24,"column":60},"end":{"line":24,"column":null}}}},"branchMap":{"0":{"loc":{"start":{"line":11,"column":2},"end":{"line":11,"column":73}},"type":"if","locations":[{"start":{"line":11,"column":2},"end":{"line":11,"column":73}}]},"1":{"loc":{"start":{"line":17,"column":8},"end":{"line":17,"column":16}},"type":"if","locations":[{"start":{"line":17,"column":8},"end":{"line":17,"column":16}}]},"2":{"loc":{"start":{"line":33,"column":4},"end":{"line":38,"column":5}},"type":"if","locations":[{"start":{"line":33,"column":4},"end":{"line":38,"column":5}}]}},"s":{"0":1,"1":1,"2":1,"3":1,"4":1,"5":6,"6":6,"7":6,"8":1,"9":5,"10":4,"11":5,"12":3,"13":2,"14":1,"15":1,"16":3,"17":1,"18":3,"19":2,"20":1,"21":1},"f":{"0":6,"1":6,"2":3},"b":{"0":[1],"1":[1],"2":[2]}}
,"/Users/shadow_flash/Documents/Personal_Projects/Mini_project/src/functions/deleteAllWorkouts.ts": {"path":"/Users/shadow_flash/Documents/Personal_Projects/Mini_project/src/functions/deleteAllWorkouts.ts","statementMap":{"0":{"start":{"line":2,"column":0},"end":{"line":2,"column":55}},"1":{"start":{"line":3,"column":0},"end":{"line":3,"column":45}},"2":{"start":{"line":4,"column":0},"end":{"line":4,"column":41}},"3":{"start":{"line":5,"column":0},"end":{"line":5,"column":52}},"4":{"start":{"line":7,"column":23},"end":{"line":42,"column":2}},"5":{"start":{"line":8,"column":29},"end":{"line":42,"column":2}},"6":{"start":{"line":10,"column":2},"end":{"line":10,"column":21}},"7":{"start":{"line":11,"column":2},"end":{"line":12,"column":64}},"8":{"start":{"line":12,"column":4},"end":{"line":12,"column":64}},"9":{"start":{"line":15,"column":10},"end":{"line":15,"column":43}},"10":{"start":{"line":16,"column":10},"end":{"line":16,"column":53}},"11":{"start":{"line":18,"column":8},"end":{"line":18,"column":14}},"12":{"start":{"line":19,"column":6},"end":{"line":19,"column":43}},"13":{"start":{"line":20,"column":6},"end":{"line":22,"column":9}},"14":{"start":{"line":24,"column":12},"end":{"line":26,"column":8}},"15":{"start":{"line":27,"column":6},"end":{"line":30,"column":9}},"16":{"start":{"line":33,"column":4},"end":{"line":38,"column":5}},"17":{"start":{"line":34,"column":6},"end":{"line":37,"column":9}},"18":{"start":{"line":40,"column":4},"end":{"line":40,"column":63}},"19":{"start":{"line":7,"column":13},"end":{"line":7,"column":23}}},"fnMap":{"0":{"name":"(anonymous_13)","decl":{"start":{"line":7,"column":23},"end":{"line":7,"column":null}},"loc":{"start":{"line":8,"column":29},"end":{"line":42,"column":2}}},"1":{"name":"(anonymous_14)","decl":{"start":{"line":8,"column":29},"end":{"line":8,"column":null}},"loc":{"start":{"line":8,"column":29},"end":{"line":42,"column":2}}}},"branchMap":{"0":{"loc":{"start":{"line":11,"column":2},"end":{"line":12,"column":64}},"type":"if","locations":[{"start":{"line":11,"column":2},"end":{"line":12,"column":64}}]},"1":{"loc":{"start":{"line":18,"column":8},"end":{"line":18,"column":14}},"type":"if","locations":[{"start":{"line":18,"column":8},"end":{"line":18,"column":14}}]},"2":{"loc":{"start":{"line":33,"column":4},"end":{"line":38,"column":5}},"type":"if","locations":[{"start":{"line":33,"column":4},"end":{"line":38,"column":5}}]}},"s":{"0":1,"1":1,"2":1,"3":1,"4":1,"5":5,"6":5,"7":5,"8":1,"9":4,"10":4,"11":5,"12":6,"13":1,"14":1,"15":1,"16":2,"17":1,"18":1,"19":1},"f":{"0":5,"1":5},"b":{"0":[1],"1":[1],"2":[1]}}
,"/Users/shadow_flash/Documents/Personal_Projects/Mini_project/src/functions/deleteWorkout.ts": {"path":"/Users/shadow_flash/Documents/Personal_Projects/Mini_project/src/functions/deleteWorkout.ts","statementMap":{"0":{"start":{"line":2,"column":0},"end":{"line":2,"column":55}},"1":{"start":{"line":3,"column":0},"end":{"line":3,"column":45}},"2":{"start":{"line":4,"column":0},"end":{"line":4,"column":41}},"3":{"start":{"line":5,"column":0},"end":{"line":5,"column":55}},"4":{"start":{"line":7,"column":23},"end":{"line":42,"column":2}},"5":{"start":{"line":8,"column":29},"end":{"line":42,"column":2}},"6":{"start":{"line":10,"column":2},"end":{"line":10,"column":21}},"7":{"start":{"line":11,"column":2},"end":{"line":12,"column":64}},"8":{"start":{"line":12,"column":4},"end":{"line":12,"column":64}},"9":{"start":{"line":15,"column":10},"end":{"line":15,"column":43}},"10":{"start":{"line":16,"column":10},"end":{"line":16,"column":57}},"11":{"start":{"line":18,"column":8},"end":{"line":18,"column":18}},"12":{"start":{"line":19,"column":6},"end":{"line":19,"column":72}},"13":{"start":{"line":20,"column":6},"end":{"line":22,"column":9}},"14":{"start":{"line":24,"column":12},"end":{"line":26,"column":10}},"15":{"start":{"line":24,"column":67},"end":{"line":26,"column":9}},"16":{"start":{"line":27,"column":6},"end":{"line":30,"column":9}},"17":{"start":{"line":33,"column":4},"end":{"line":38,"column":5}},"18":{"start":{"line":34,"column":6},"end":{"line":37,"column":9}},"19":{"start":{"line":40,"column":4},"end":{"line":40,"column":63}},"20":{"start":{"line":7,"column":13},"end":{"line":7,"column":23}}},"fnMap":{"0":{"name":"(anonymous_13)","decl":{"start":{"line":7,"column":23},"end":{"line":7,"column":null}},"loc":{"start":{"line":8,"column":29},"end":{"line":42,"column":2}}},"1":{"name":"(anonymous_14)","decl":{"start":{"line":8,"column":29},"end":{"line":8,"column":null}},"loc":{"start":{"line":8,"column":29},"end":{"line":42,"column":2}}},"2":{"name":"(anonymous_16)","decl":{"start":{"line":24,"column":58},"end":{"line":24,"column":59}},"loc":{"start":{"line":24,"column":62},"end":{"line":24,"column":null}}}},"branchMap":{"0":{"loc":{"start":{"line":11,"column":2},"end":{"line":12,"column":64}},"type":"if","locations":[{"start":{"line":11,"column":2},"end":{"line":12,"column":64}}]},"1":{"loc":{"start":{"line":18,"column":8},"end":{"line":18,"column":18}},"type":"if","locations":[{"start":{"line":18,"column":8},"end":{"line":18,"column":18}}]},"2":{"loc":{"start":{"line":33,"column":4},"end":{"line":38,"column":5}},"type":"if","locations":[{"start":{"line":33,"column":4},"end":{"line":38,"column":5}}]}},"s":{"0":1,"1":1,"2":1,"3":1,"4":1,"5":5,"6":5,"7":5,"8":1,"9":4,"10":4,"11":5,"12":6,"13":1,"14":1,"15":1,"16":1,"17":2,"18":1,"19":1,"20":1},"f":{"0":5,"1":5,"2":1},"b":{"0":[1],"1":[1],"2":[1]}}
,"/Users/shadow_flash/Documents/Personal_Projects/Mini_project/src/functions/getWorkoutList.ts": {"path":"/Users/shadow_flash/Documents/Personal_Projects/Mini_project/src/functions/getWorkoutList.ts","statementMap":{"0":{"start":{"line":2,"column":0},"end":{"line":2,"column":55}},"1":{"start":{"line":3,"column":0},"end":{"line":3,"column":45}},"2":{"start":{"line":4,"column":0},"end":{"line":4,"column":41}},"3":{"start":{"line":5,"column":0},"end":{"line":5,"column":52}},"4":{"start":{"line":7,"column":23},"end":{"line":46,"column":2}},"5":{"start":{"line":8,"column":29},"end":{"line":46,"column":2}},"6":{"start":{"line":10,"column":2},"end":{"line":10,"column":21}},"7":{"start":{"line":11,"column":2},"end":{"line":12,"column":64}},"8":{"start":{"line":12,"column":4},"end":{"line":12,"column":64}},"9":{"start":{"line":15,"column":10},"end":{"line":15,"column":44}},"10":{"start":{"line":16,"column":10},"end":{"line":16,"column":58}},"11":{"start":{"line":18,"column":8},"end":{"line":18,"column":18}},"12":{"start":{"line":19,"column":19},"end":{"line":22,"column":null}},"13":{"start":{"line":19,"column":12},"end":{"line":22,"column":null}},"14":{"start":{"line":23,"column":6},"end":{"line":26,"column":9}},"15":{"start":{"line":28,"column":12},"end":{"line":30,"column":10}},"16":{"start":{"line":28,"column":67},"end":{"line":30,"column":9}},"17":{"start":{"line":31,"column":6},"end":{"line":34,"column":9}},"18":{"start":{"line":37,"column":4},"end":{"line":42,"column":5}},"19":{"start":{"line":38,"column":6},"end":{"line":41,"column":9}},"20":{"start":{"line":44,"column":4},"end":{"line":44,"column":63}},"21":{"start":{"line":7,"column":13},"end":{"line":7,"column":23}}},"fnMap":{"0":{"name":"(anonymous_13)","decl":{"start":{"line":7,"column":23},"end":{"line":7,"column":null}},"loc":{"start":{"line":8,"column":29},"end":{"line":46,"column":2}}},"1":{"name":"(anonymous_14)","decl":{"start":{"line":8,"column":29},"end":{"line":8,"column":null}},"loc":{"start":{"line":8,"column":29},"end":{"line":46,"column":2}}},"2":{"name":"(anonymous_16)","decl":{"start":{"line":28,"column":58},"end":{"line":28,"column":59}},"loc":{"start":{"line":28,"column":62},"end":{"line":28,"column":null}}}},"branchMap":{"0":{"loc":{"start":{"line":11,"column":2},"end":{"line":12,"column":64}},"type":"if","locations":[{"start":{"line":11,"column":2},"end":{"line":12,"column":64}}]},"1":{"loc":{"start":{"line":18,"column":8},"end":{"line":18,"column":18}},"type":"if","locations":[{"start":{"line":18,"column":8},"end":{"line":18,"column":18}}]},"2":{"loc":{"start":{"line":24,"column":16},"end":{"line":24,"column":28}},"type":"cond-expr","locations":[{"start":{"line":24,"column":20},"end":{"line":24,"column":22}},{"start":{"line":24,"column":16},"end":{"line":24,"column":28}}]},"3":{"loc":{"start":{"line":24,"column":16},"end":{"line":24,"column":22}},"type":"binary-expr","locations":[{"start":{"line":24,"column":16},"end":{"line":24,"column":22}},{"start":{"line":24,"column":16},"end":{"line":24,"column":22}}]},"4":{"loc":{"start":{"line":25,"column":21},"end":{"line":25,"column":38}},"type":"cond-expr","locations":[{"start":{"line":25,"column":25},"end":{"line":25,"column":27}},{"start":{"line":25,"column":21},"end":{"line":25,"column":38}}]},"5":{"loc":{"start":{"line":25,"column":21},"end":{"line":25,"column":27}},"type":"binary-expr","locations":[{"start":{"line":25,"column":21},"end":{"line":25,"column":27}},{"start":{"line":25,"column":21},"end":{"line":25,"column":27}}]},"6":{"loc":{"start":{"line":37,"column":4},"end":{"line":42,"column":5}},"type":"if","locations":[{"start":{"line":37,"column":4},"end":{"line":42,"column":5}}]}},"s":{"0":1,"1":1,"2":1,"3":1,"4":1,"5":6,"6":6,"7":6,"8":1,"9":5,"10":5,"11":6,"12":4,"13":4,"14":2,"15":1,"16":1,"17":1,"18":2,"19":1,"20":1,"21":1},"f":{"0":6,"1":6,"2":1},"b":{"0":[1],"1":[1],"2":[1,1],"3":[2,1],"4":[1,1],"5":[2,1],"6":[1]}}
}
