TN:
SF:src/functions/addOrUpdateRepAndSet.ts
FN:7,(anonymous_15)
FN:8,(anonymous_16)
FN:32,(anonymous_18)
FNF:3
FNH:3
FNDA:6,(anonymous_15)
FNDA:6,(anonymous_16)
FNDA:2,(anonymous_18)
DA:2,1
DA:3,1
DA:4,1
DA:5,1
DA:7,1
DA:8,6
DA:10,6
DA:11,6
DA:14,5
DA:15,4
DA:16,4
DA:21,5
DA:22,3
DA:27,1
DA:32,2
DA:35,1
DA:41,3
DA:42,2
DA:48,1
LF:19
LH:19
BRDA:11,0,0,1
BRDA:21,1,0,1
BRDA:41,2,0,2
BRF:3
BRH:3
end_of_record
TN:
SF:src/functions/createUserForWorkoutApp.ts
FN:7,(anonymous_13)
FN:8,(anonymous_14)
FN:24,(anonymous_16)
FNF:3
FNH:3
FNDA:6,(anonymous_13)
FNDA:6,(anonymous_14)
FNDA:3,(anonymous_16)
DA:2,1
DA:3,1
DA:4,1
DA:5,1
DA:7,1
DA:8,6
DA:10,6
DA:11,6
DA:14,5
DA:15,4
DA:17,5
DA:18,3
DA:19,1
DA:24,3
DA:27,1
DA:33,3
DA:34,2
DA:40,1
LF:18
LH:18
BRDA:11,0,0,1
BRDA:17,1,0,1
BRDA:33,2,0,2
BRF:3
BRH:3
end_of_record
TN:
SF:src/functions/deleteAllWorkouts.ts
FN:7,(anonymous_13)
FN:8,(anonymous_14)
FNF:2
FNH:2
FNDA:5,(anonymous_13)
FNDA:5,(anonymous_14)
DA:2,1
DA:3,1
DA:4,1
DA:5,1
DA:7,1
DA:8,5
DA:10,5
DA:11,5
DA:12,1
DA:15,4
DA:16,4
DA:18,5
DA:19,6
DA:20,1
DA:24,1
DA:27,1
DA:33,2
DA:34,1
DA:40,1
LF:19
LH:19
BRDA:11,0,0,1
BRDA:18,1,0,1
BRDA:33,2,0,1
BRF:3
BRH:3
end_of_record
TN:
SF:src/functions/deleteWorkout.ts
FN:7,(anonymous_13)
FN:8,(anonymous_14)
FN:24,(anonymous_16)
FNF:3
FNH:3
FNDA:5,(anonymous_13)
FNDA:5,(anonymous_14)
FNDA:1,(anonymous_16)
DA:2,1
DA:3,1
DA:4,1
DA:5,1
DA:7,1
DA:8,5
DA:10,5
DA:11,5
DA:12,1
DA:15,4
DA:16,4
DA:18,5
DA:19,6
DA:20,1
DA:24,1
DA:27,1
DA:33,2
DA:34,1
DA:40,1
LF:19
LH:19
BRDA:11,0,0,1
BRDA:18,1,0,1
BRDA:33,2,0,1
BRF:3
BRH:3
end_of_record
TN:
SF:src/functions/getWorkoutList.ts
FN:7,(anonymous_13)
FN:8,(anonymous_14)
FN:28,(anonymous_16)
FNF:3
FNH:3
FNDA:6,(anonymous_13)
FNDA:6,(anonymous_14)
FNDA:1,(anonymous_16)
DA:2,1
DA:3,1
DA:4,1
DA:5,1
DA:7,1
DA:8,6
DA:10,6
DA:11,6
DA:12,1
DA:15,5
DA:16,5
DA:18,6
DA:19,4
DA:23,2
DA:28,1
DA:31,1
DA:37,2
DA:38,1
DA:44,1
LF:19
LH:19
BRDA:11,0,0,1
BRDA:18,1,0,1
BRDA:24,2,0,1
BRDA:24,2,1,1
BRDA:24,3,0,2
BRDA:24,3,1,1
BRDA:25,4,0,1
BRDA:25,4,1,1
BRDA:25,5,0,2
BRDA:25,5,1,1
BRDA:37,6,0,1
BRF:11
BRH:11
end_of_record
